<?xml version="1.0" encoding="UTF-8"?>
<!-- Generated by org.testng.reporters.JUnitReportReporter -->
<testsuite skipped="0" hostname="Arati-PC" name="purchase_Admin.CatalogueItemsTest" tests="14" failures="0" timestamp="28 Aug 2017 12:20:18 GMT" time="468.377" errors="0">
  <testcase name="ManageSystems" time="3.202" classname="purchase_Admin.CatalogueItemsTest"/>
  <testcase name="OverwriteCopyItems__Spare" time="84.437" classname="purchase_Admin.CatalogueItemsTest"/>
  <testcase name="SearchOverwriteCopyItems__Spare" time="27.467" classname="purchase_Admin.CatalogueItemsTest"/>
  <testcase name="MoveItems__Spare" time="85.774" classname="purchase_Admin.CatalogueItemsTest"/>
  <testcase name="SearchMoveItems__Spare" time="25.400" classname="purchase_Admin.CatalogueItemsTest"/>
  <testcase name="DeleteStoresItem__Spare" time="30.408" classname="purchase_Admin.CatalogueItemsTest"/>
  <testcase name="SearchDeletedStoresItem__Spare" time="29.387" classname="purchase_Admin.CatalogueItemsTest"/>
  <testcase name="RestoreStoresItem__Spare" time="29.228" classname="purchase_Admin.CatalogueItemsTest"/>
  <testcase name="SearchRestoredStoresItem__Spare" time="29.232" classname="purchase_Admin.CatalogueItemsTest"/>
  <testcase name="DeleteSubCatalogue__Spare" time="28.123" classname="purchase_Admin.CatalogueItemsTest"/>
  <testcase name="DeleteCatalogue__Spare" time="27.939" classname="purchase_Admin.CatalogueItemsTest"/>
  <testcase name="SearchDeleteCatalogue" time="17.857" classname="purchase_Admin.CatalogueItemsTest"/>
  <testcase name="RestoreCatalogue__Spare" time="30.036" classname="purchase_Admin.CatalogueItemsTest"/>
  <testcase name="SearchRestoredCatalogue__Spare" time="19.887" classname="purchase_Admin.CatalogueItemsTest"/>
</testsuite> <!-- purchase_Admin.CatalogueItemsTest -->
